2024-02-21 00:05:25,139 - INFO - Dash is running on http://127.0.0.1:8050/

2024-02-21 00:10:29,789 - INFO - Dash is running on http://127.0.0.1:8050/

2024-02-21 00:13:18,637 - INFO - Dash is running on http://127.0.0.1:8050/

2024-02-21 00:13:27,235 - WARNING - Retrying (Retry(total=1, connect=None, read=None, redirect=None, status=None)) after connection broken by 'ReadTimeoutError("HTTPSConnectionPool(host='nominatim.openstreetmap.org', port=443): Read timed out. (read timeout=1)")': /search?q=Stuttgart&format=json&limit=1
2024-02-21 00:13:28,351 - WARNING - Retrying (Retry(total=1, connect=None, read=None, redirect=None, status=None)) after connection broken by 'ReadTimeoutError("HTTPSConnectionPool(host='nominatim.openstreetmap.org', port=443): Read timed out. (read timeout=1)")': /search?q=Stuttgart&format=json&limit=1
2024-02-21 00:14:39,863 - INFO - Dash is running on http://127.0.0.1:8050/

2024-02-21 00:16:30,377 - WARNING - Retrying (Retry(total=1, connect=None, read=None, redirect=None, status=None)) after connection broken by 'ReadTimeoutError("HTTPSConnectionPool(host='nominatim.openstreetmap.org', port=443): Read timed out. (read timeout=1)")': /search?q=Stuttgart&format=json&limit=1
2024-02-21 00:19:16,115 - INFO - Dash is running on http://127.0.0.1:8050/

2024-02-21 00:19:53,306 - INFO - Dash is running on http://127.0.0.1:8050/

2024-02-21 07:31:18,491 - INFO - Dash is running on http://127.0.0.1:8050/

2024-02-21 07:33:14,445 - INFO - Dash is running on http://127.0.0.1:8050/

2024-02-21 07:38:05,650 - WARNING - Retrying (Retry(total=1, connect=None, read=None, redirect=None, status=None)) after connection broken by 'ReadTimeoutError("HTTPSConnectionPool(host='nominatim.openstreetmap.org', port=443): Read timed out. (read timeout=1)")': /search?q=Stuttgart&format=json&limit=1
2024-02-21 07:45:10,939 - WARNING - Retrying (Retry(total=1, connect=None, read=None, redirect=None, status=None)) after connection broken by 'ReadTimeoutError("HTTPSConnectionPool(host='nominatim.openstreetmap.org', port=443): Read timed out. (read timeout=1)")': /search?q=Stuttgart&format=json&limit=1
2024-02-21 07:45:12,540 - WARNING - Retrying (Retry(total=0, connect=None, read=None, redirect=None, status=None)) after connection broken by 'ReadTimeoutError("HTTPSConnectionPool(host='nominatim.openstreetmap.org', port=443): Read timed out. (read timeout=1)")': /search?q=Stuttgart&format=json&limit=1
2024-02-21 08:11:51,135 - INFO - Dash is running on http://127.0.0.1:8050/

2024-02-21 08:12:24,159 - WARNING - Retrying (Retry(total=1, connect=None, read=None, redirect=None, status=None)) after connection broken by 'ReadTimeoutError("HTTPSConnectionPool(host='nominatim.openstreetmap.org', port=443): Read timed out. (read timeout=1)")': /search?q=33161+H%C3%B6velhof&format=json&limit=1
2024-02-21 08:12:26,166 - WARNING - Retrying (Retry(total=0, connect=None, read=None, redirect=None, status=None)) after connection broken by 'ConnectTimeoutError(<urllib3.connection.HTTPSConnection object at 0x7f9179220df0>, 'Connection to nominatim.openstreetmap.org timed out. (connect timeout=1)')': /search?q=33161+H%C3%B6velhof&format=json&limit=1
2024-02-21 08:12:32,275 - WARNING - Retrying (Retry(total=1, connect=None, read=None, redirect=None, status=None)) after connection broken by 'ReadTimeoutError("HTTPSConnectionPool(host='nominatim.openstreetmap.org', port=443): Read timed out. (read timeout=1)")': /search?q=27318+Hoya&format=json&limit=1
2024-02-21 08:12:34,284 - WARNING - Retrying (Retry(total=0, connect=None, read=None, redirect=None, status=None)) after connection broken by 'ConnectTimeoutError(<urllib3.connection.HTTPSConnection object at 0x7f91792430a0>, 'Connection to nominatim.openstreetmap.org timed out. (connect timeout=1)')': /search?q=27318+Hoya&format=json&limit=1
2024-02-21 08:12:44,857 - WARNING - Retrying (Retry(total=1, connect=None, read=None, redirect=None, status=None)) after connection broken by 'ReadTimeoutError("HTTPSConnectionPool(host='nominatim.openstreetmap.org', port=443): Read timed out. (read timeout=1)")': /search?q=86641+Rain+Lech&format=json&limit=1
2024-02-21 08:12:46,867 - WARNING - Retrying (Retry(total=0, connect=None, read=None, redirect=None, status=None)) after connection broken by 'ConnectTimeoutError(<urllib3.connection.HTTPSConnection object at 0x7f9199f5eee0>, 'Connection to nominatim.openstreetmap.org timed out. (connect timeout=1)')': /search?q=86641+Rain+Lech&format=json&limit=1
2024-02-21 08:13:00,851 - WARNING - Retrying (Retry(total=1, connect=None, read=None, redirect=None, status=None)) after connection broken by 'ReadTimeoutError("HTTPSConnectionPool(host='nominatim.openstreetmap.org', port=443): Read timed out. (read timeout=1)")': /search?q=45964+Gladbeck&format=json&limit=1
2024-02-21 08:13:19,826 - WARNING - Retrying (Retry(total=1, connect=None, read=None, redirect=None, status=None)) after connection broken by 'ReadTimeoutError("HTTPSConnectionPool(host='nominatim.openstreetmap.org', port=443): Read timed out. (read timeout=1)")': /search?q=96264+Altenkunstadt&format=json&limit=1
2024-02-21 09:00:35,891 - INFO - Dash is running on http://127.0.0.1:8050/

2024-02-21 09:02:32,864 - WARNING - Retrying (Retry(total=1, connect=None, read=None, redirect=None, status=None)) after connection broken by 'ReadTimeoutError("HTTPSConnectionPool(host='nominatim.openstreetmap.org', port=443): Read timed out. (read timeout=1)")': /search?q=89415+Lauingen+a.d.+Donau&format=json&limit=1
2024-02-21 09:02:33,962 - WARNING - Retrying (Retry(total=0, connect=None, read=None, redirect=None, status=None)) after connection broken by 'ReadTimeoutError("HTTPSConnectionPool(host='nominatim.openstreetmap.org', port=443): Read timed out. (read timeout=1)")': /search?q=89415+Lauingen+a.d.+Donau&format=json&limit=1
2024-02-21 09:04:02,658 - WARNING - Retrying (Retry(total=1, connect=None, read=None, redirect=None, status=None)) after connection broken by 'ReadTimeoutError("HTTPSConnectionPool(host='nominatim.openstreetmap.org', port=443): Read timed out. (read timeout=1)")': /search?q=96450+Coburg&format=json&limit=1
2024-02-21 11:04:29,599 - INFO - Dash is running on http://127.0.0.1:8050/

2024-02-21 11:07:45,160 - INFO - Dash is running on http://127.0.0.1:8050/

2024-02-21 11:09:05,892 - WARNING - Retrying (Retry(total=1, connect=None, read=None, redirect=None, status=None)) after connection broken by 'ReadTimeoutError("HTTPSConnectionPool(host='nominatim.openstreetmap.org', port=443): Read timed out. (read timeout=1)")': /search?q=88477+Schwendi&format=json&limit=1
2024-02-21 11:09:07,901 - WARNING - Retrying (Retry(total=0, connect=None, read=None, redirect=None, status=None)) after connection broken by 'ConnectTimeoutError(<urllib3.connection.HTTPSConnection object at 0x7fa9a0e6ea90>, 'Connection to nominatim.openstreetmap.org timed out. (connect timeout=1)')': /search?q=88477+Schwendi&format=json&limit=1
2024-02-21 11:09:11,237 - WARNING - Retrying (Retry(total=1, connect=None, read=None, redirect=None, status=None)) after connection broken by 'ReadTimeoutError("HTTPSConnectionPool(host='nominatim.openstreetmap.org', port=443): Read timed out. (read timeout=1)")': /search?q=51429+Bergisch+Gladbach&format=json&limit=1
2024-02-21 11:09:15,692 - WARNING - Retrying (Retry(total=1, connect=None, read=None, redirect=None, status=None)) after connection broken by 'ReadTimeoutError("HTTPSConnectionPool(host='nominatim.openstreetmap.org', port=443): Read timed out. (read timeout=1)")': /search?q=68219+Mannheim&format=json&limit=1
2024-02-21 11:09:20,444 - WARNING - Retrying (Retry(total=1, connect=None, read=None, redirect=None, status=None)) after connection broken by 'ReadTimeoutError("HTTPSConnectionPool(host='nominatim.openstreetmap.org', port=443): Read timed out. (read timeout=1)")': /search?q=88477+Schwendi&format=json&limit=1
2024-02-21 11:09:22,452 - WARNING - Retrying (Retry(total=0, connect=None, read=None, redirect=None, status=None)) after connection broken by 'ConnectTimeoutError(<urllib3.connection.HTTPSConnection object at 0x7fa97087df40>, 'Connection to nominatim.openstreetmap.org timed out. (connect timeout=1)')': /search?q=88477+Schwendi&format=json&limit=1
2024-02-21 11:09:26,427 - WARNING - Retrying (Retry(total=1, connect=None, read=None, redirect=None, status=None)) after connection broken by 'ReadTimeoutError("HTTPSConnectionPool(host='nominatim.openstreetmap.org', port=443): Read timed out. (read timeout=1)")': /search?q=07381+P%C3%B6ssneck&format=json&limit=1
2024-02-21 11:09:31,343 - WARNING - Retrying (Retry(total=1, connect=None, read=None, redirect=None, status=None)) after connection broken by 'ReadTimeoutError("HTTPSConnectionPool(host='nominatim.openstreetmap.org', port=443): Read timed out. (read timeout=1)")': /search?q=45307+Essen-%E2%80%8BKray&format=json&limit=1
2024-02-21 11:09:36,290 - WARNING - Retrying (Retry(total=1, connect=None, read=None, redirect=None, status=None)) after connection broken by 'ReadTimeoutError("HTTPSConnectionPool(host='nominatim.openstreetmap.org', port=443): Read timed out. (read timeout=1)")': /search?q=77933+Lahr+%28Schwarzwald%29&format=json&limit=1
2024-02-21 11:09:42,166 - WARNING - Retrying (Retry(total=1, connect=None, read=None, redirect=None, status=None)) after connection broken by 'ReadTimeoutError("HTTPSConnectionPool(host='nominatim.openstreetmap.org', port=443): Read timed out. (read timeout=1)")': /search?q=91625+Schnelldorf&format=json&limit=1
2024-02-21 11:09:47,573 - WARNING - Retrying (Retry(total=1, connect=None, read=None, redirect=None, status=None)) after connection broken by 'ReadTimeoutError("HTTPSConnectionPool(host='nominatim.openstreetmap.org', port=443): Read timed out. (read timeout=1)")': /search?q=01737+Tharandt&format=json&limit=1
2024-02-21 11:09:51,615 - WARNING - Retrying (Retry(total=1, connect=None, read=None, redirect=None, status=None)) after connection broken by 'ReadTimeoutError("HTTPSConnectionPool(host='nominatim.openstreetmap.org', port=443): Read timed out. (read timeout=1)")': /search?q=51429+Bergisch+Gladbach&format=json&limit=1
2024-02-21 11:09:54,386 - WARNING - Retrying (Retry(total=1, connect=None, read=None, redirect=None, status=None)) after connection broken by 'ReadTimeoutError("HTTPSConnectionPool(host='nominatim.openstreetmap.org', port=443): Read timed out. (read timeout=1)")': /search?q=48599+Gronau+%28Westfalen%29&format=json&limit=1
2024-02-21 11:09:57,090 - WARNING - Retrying (Retry(total=1, connect=None, read=None, redirect=None, status=None)) after connection broken by 'ReadTimeoutError("HTTPSConnectionPool(host='nominatim.openstreetmap.org', port=443): Read timed out. (read timeout=1)")': /search?q=41749+Viersen&format=json&limit=1
2024-02-21 11:09:59,959 - WARNING - Retrying (Retry(total=1, connect=None, read=None, redirect=None, status=None)) after connection broken by 'ReadTimeoutError("HTTPSConnectionPool(host='nominatim.openstreetmap.org', port=443): Read timed out. (read timeout=1)")': /search?q=58256+Ennepetal&format=json&limit=1
2024-02-21 11:10:01,966 - WARNING - Retrying (Retry(total=0, connect=None, read=None, redirect=None, status=None)) after connection broken by 'ConnectTimeoutError(<urllib3.connection.HTTPSConnection object at 0x7fa9a1254d90>, 'Connection to nominatim.openstreetmap.org timed out. (connect timeout=1)')': /search?q=58256+Ennepetal&format=json&limit=1
2024-02-21 11:10:08,104 - WARNING - Retrying (Retry(total=1, connect=None, read=None, redirect=None, status=None)) after connection broken by 'ReadTimeoutError("HTTPSConnectionPool(host='nominatim.openstreetmap.org', port=443): Read timed out. (read timeout=1)")': /search?q=27318+Hoya&format=json&limit=1
2024-02-21 11:10:10,113 - WARNING - Retrying (Retry(total=0, connect=None, read=None, redirect=None, status=None)) after connection broken by 'ConnectTimeoutError(<urllib3.connection.HTTPSConnection object at 0x7fa9a0d89970>, 'Connection to nominatim.openstreetmap.org timed out. (connect timeout=1)')': /search?q=27318+Hoya&format=json&limit=1
2024-02-21 11:10:12,827 - WARNING - Retrying (Retry(total=1, connect=None, read=None, redirect=None, status=None)) after connection broken by 'ReadTimeoutError("HTTPSConnectionPool(host='nominatim.openstreetmap.org', port=443): Read timed out. (read timeout=1)")': /search?q=98528+Vesser&format=json&limit=1
2024-02-21 11:10:14,838 - WARNING - Retrying (Retry(total=0, connect=None, read=None, redirect=None, status=None)) after connection broken by 'ConnectTimeoutError(<urllib3.connection.HTTPSConnection object at 0x7fa9a0d89e50>, 'Connection to nominatim.openstreetmap.org timed out. (connect timeout=1)')': /search?q=98528+Vesser&format=json&limit=1
2024-02-21 11:10:18,252 - WARNING - Retrying (Retry(total=1, connect=None, read=None, redirect=None, status=None)) after connection broken by 'ReadTimeoutError("HTTPSConnectionPool(host='nominatim.openstreetmap.org', port=443): Read timed out. (read timeout=1)")': /search?q=49090+Osnabr%C3%BCck&format=json&limit=1
2024-02-21 11:10:20,205 - WARNING - Retrying (Retry(total=1, connect=None, read=None, redirect=None, status=None)) after connection broken by 'ReadTimeoutError("HTTPSConnectionPool(host='nominatim.openstreetmap.org', port=443): Read timed out. (read timeout=1)")': /search?q=63743+Aschaffenburg&format=json&limit=1
2024-02-21 11:10:23,356 - WARNING - Retrying (Retry(total=1, connect=None, read=None, redirect=None, status=None)) after connection broken by 'ReadTimeoutError("HTTPSConnectionPool(host='nominatim.openstreetmap.org', port=443): Read timed out. (read timeout=1)")': /search?q=54655+Malbergweich&format=json&limit=1
2024-02-21 11:10:31,345 - WARNING - Retrying (Retry(total=1, connect=None, read=None, redirect=None, status=None)) after connection broken by 'ReadTimeoutError("HTTPSConnectionPool(host='nominatim.openstreetmap.org', port=443): Read timed out. (read timeout=1)")': /search?q=91564+Neuendettelsau&format=json&limit=1
2024-02-21 11:10:33,353 - WARNING - Retrying (Retry(total=0, connect=None, read=None, redirect=None, status=None)) after connection broken by 'ConnectTimeoutError(<urllib3.connection.HTTPSConnection object at 0x7fa990ebd8b0>, 'Connection to nominatim.openstreetmap.org timed out. (connect timeout=1)')': /search?q=91564+Neuendettelsau&format=json&limit=1
2024-02-21 11:10:36,174 - WARNING - Retrying (Retry(total=1, connect=None, read=None, redirect=None, status=None)) after connection broken by 'ReadTimeoutError("HTTPSConnectionPool(host='nominatim.openstreetmap.org', port=443): Read timed out. (read timeout=1)")': /search?q=30453+Linden-%E2%80%8BLimmer&format=json&limit=1
2024-02-21 11:10:38,183 - WARNING - Retrying (Retry(total=0, connect=None, read=None, redirect=None, status=None)) after connection broken by 'ConnectTimeoutError(<urllib3.connection.HTTPSConnection object at 0x7fa970881b20>, 'Connection to nominatim.openstreetmap.org timed out. (connect timeout=1)')': /search?q=30453+Linden-%E2%80%8BLimmer&format=json&limit=1
2024-02-21 11:10:42,447 - WARNING - Retrying (Retry(total=1, connect=None, read=None, redirect=None, status=None)) after connection broken by 'ReadTimeoutError("HTTPSConnectionPool(host='nominatim.openstreetmap.org', port=443): Read timed out. (read timeout=1)")': /search?q=45964+Gladbeck&format=json&limit=1
2024-02-21 11:10:48,140 - WARNING - Retrying (Retry(total=1, connect=None, read=None, redirect=None, status=None)) after connection broken by 'ReadTimeoutError("HTTPSConnectionPool(host='nominatim.openstreetmap.org', port=443): Read timed out. (read timeout=1)")': /search?q=80992+Moosach&format=json&limit=1
2024-02-21 11:10:50,148 - WARNING - Retrying (Retry(total=0, connect=None, read=None, redirect=None, status=None)) after connection broken by 'ConnectTimeoutError(<urllib3.connection.HTTPSConnection object at 0x7fa970881af0>, 'Connection to nominatim.openstreetmap.org timed out. (connect timeout=1)')': /search?q=80992+Moosach&format=json&limit=1
2024-02-21 11:12:06,532 - WARNING - Retrying (Retry(total=1, connect=None, read=None, redirect=None, status=None)) after connection broken by 'ReadTimeoutError("HTTPSConnectionPool(host='nominatim.openstreetmap.org', port=443): Read timed out. (read timeout=1)")': /search?q=32760+Detmold&format=json&limit=1
2024-02-21 11:12:08,543 - WARNING - Retrying (Retry(total=1, connect=None, read=None, redirect=None, status=None)) after connection broken by 'ReadTimeoutError("HTTPSConnectionPool(host='nominatim.openstreetmap.org', port=443): Read timed out. (read timeout=1)")': /search?q=24118+Ravensberg-%26%238203Brunswik-%26%238203D%C3%BCsternbrook&format=json&limit=1
2024-02-21 11:18:46,005 - INFO - Dash is running on http://127.0.0.1:8050/

2024-02-21 11:24:15,231 - WARNING - Retrying (Retry(total=1, connect=None, read=None, redirect=None, status=None)) after connection broken by 'ReadTimeoutError("HTTPSConnectionPool(host='nominatim.openstreetmap.org', port=443): Read timed out. (read timeout=1)")': /search?q=59558+Lippstadt&format=json&limit=1
2024-02-21 11:24:19,689 - WARNING - Retrying (Retry(total=1, connect=None, read=None, redirect=None, status=None)) after connection broken by 'ReadTimeoutError("HTTPSConnectionPool(host='nominatim.openstreetmap.org', port=443): Read timed out. (read timeout=1)")': /search?q=56727+Mayen&format=json&limit=1
2024-02-21 11:24:21,697 - WARNING - Retrying (Retry(total=0, connect=None, read=None, redirect=None, status=None)) after connection broken by 'ConnectTimeoutError(<urllib3.connection.HTTPSConnection object at 0x7f8ba05e75e0>, 'Connection to nominatim.openstreetmap.org timed out. (connect timeout=1)')': /search?q=56727+Mayen&format=json&limit=1
2024-02-21 11:24:34,364 - WARNING - Retrying (Retry(total=1, connect=None, read=None, redirect=None, status=None)) after connection broken by 'ReadTimeoutError("HTTPSConnectionPool(host='nominatim.openstreetmap.org', port=443): Read timed out. (read timeout=1)")': /search?q=46282+Dorsten&format=json&limit=1
2024-02-21 11:24:36,375 - WARNING - Retrying (Retry(total=0, connect=None, read=None, redirect=None, status=None)) after connection broken by 'ConnectTimeoutError(<urllib3.connection.HTTPSConnection object at 0x7f8ba05a6c10>, 'Connection to nominatim.openstreetmap.org timed out. (connect timeout=1)')': /search?q=46282+Dorsten&format=json&limit=1
2024-02-21 11:24:51,338 - WARNING - Retrying (Retry(total=1, connect=None, read=None, redirect=None, status=None)) after connection broken by 'ReadTimeoutError("HTTPSConnectionPool(host='nominatim.openstreetmap.org', port=443): Read timed out. (read timeout=1)")': /search?q=06231+Bad+Duerrenberg&format=json&limit=1
2024-02-21 11:24:53,773 - WARNING - Retrying (Retry(total=1, connect=None, read=None, redirect=None, status=None)) after connection broken by 'ReadTimeoutError("HTTPSConnectionPool(host='nominatim.openstreetmap.org', port=443): Read timed out. (read timeout=1)")': /search?q=06231+Bad+Duerrenberg&format=json&limit=1
2024-02-21 11:25:07,389 - WARNING - Retrying (Retry(total=1, connect=None, read=None, redirect=None, status=None)) after connection broken by 'ReadTimeoutError("HTTPSConnectionPool(host='nominatim.openstreetmap.org', port=443): Read timed out. (read timeout=1)")': /search?q=59558+Lippstadt&format=json&limit=1
2024-02-21 11:25:17,884 - WARNING - Retrying (Retry(total=1, connect=None, read=None, redirect=None, status=None)) after connection broken by 'ReadTimeoutError("HTTPSConnectionPool(host='nominatim.openstreetmap.org', port=443): Read timed out. (read timeout=1)")': /search?q=68169+Mannheim&format=json&limit=1
2024-02-21 11:25:23,119 - WARNING - Retrying (Retry(total=1, connect=None, read=None, redirect=None, status=None)) after connection broken by 'ReadTimeoutError("HTTPSConnectionPool(host='nominatim.openstreetmap.org', port=443): Read timed out. (read timeout=1)")': /search?q=08056+Zwickau&format=json&limit=1
2024-02-21 11:25:27,327 - WARNING - Retrying (Retry(total=1, connect=None, read=None, redirect=None, status=None)) after connection broken by 'ReadTimeoutError("HTTPSConnectionPool(host='nominatim.openstreetmap.org', port=443): Read timed out. (read timeout=1)")': /search?q=77787+Nordrach&format=json&limit=1
2024-02-21 11:25:49,911 - WARNING - Retrying (Retry(total=1, connect=None, read=None, redirect=None, status=None)) after connection broken by 'ReadTimeoutError("HTTPSConnectionPool(host='nominatim.openstreetmap.org', port=443): Read timed out. (read timeout=1)")': /search?q=71686+Remseck+am+Neckar&format=json&limit=1
2024-02-21 11:26:15,289 - WARNING - Retrying (Retry(total=1, connect=None, read=None, redirect=None, status=None)) after connection broken by 'ReadTimeoutError("HTTPSConnectionPool(host='nominatim.openstreetmap.org', port=443): Read timed out. (read timeout=1)")': /search?q=71522+Backnang&format=json&limit=1
2024-02-21 11:26:39,412 - WARNING - Retrying (Retry(total=1, connect=None, read=None, redirect=None, status=None)) after connection broken by 'ReadTimeoutError("HTTPSConnectionPool(host='nominatim.openstreetmap.org', port=443): Read timed out. (read timeout=1)")': /search?q=35108+Allendorf&format=json&limit=1
2024-02-21 11:26:57,025 - WARNING - Retrying (Retry(total=1, connect=None, read=None, redirect=None, status=None)) after connection broken by 'ReadTimeoutError("HTTPSConnectionPool(host='nominatim.openstreetmap.org', port=443): Read timed out. (read timeout=1)")': /search?q=65604+Elz&format=json&limit=1
2024-02-21 11:26:59,032 - WARNING - Retrying (Retry(total=0, connect=None, read=None, redirect=None, status=None)) after connection broken by 'ConnectTimeoutError(<urllib3.connection.HTTPSConnection object at 0x7f8bd0bff7f0>, 'Connection to nominatim.openstreetmap.org timed out. (connect timeout=1)')': /search?q=65604+Elz&format=json&limit=1
2024-02-21 11:27:10,604 - WARNING - Retrying (Retry(total=1, connect=None, read=None, redirect=None, status=None)) after connection broken by 'ReadTimeoutError("HTTPSConnectionPool(host='nominatim.openstreetmap.org', port=443): Read timed out. (read timeout=1)")': /search?q=33604+Bielefeld+%28Innenstadt%29&format=json&limit=1
2024-02-21 11:27:33,229 - WARNING - Retrying (Retry(total=1, connect=None, read=None, redirect=None, status=None)) after connection broken by 'ReadTimeoutError("HTTPSConnectionPool(host='nominatim.openstreetmap.org', port=443): Read timed out. (read timeout=1)")': /search?q=06869+Coswig+%28Anhalt%29&format=json&limit=1
2024-02-21 11:27:35,239 - WARNING - Retrying (Retry(total=0, connect=None, read=None, redirect=None, status=None)) after connection broken by 'ConnectTimeoutError(<urllib3.connection.HTTPSConnection object at 0x7f8be21abfd0>, 'Connection to nominatim.openstreetmap.org timed out. (connect timeout=1)')': /search?q=06869+Coswig+%28Anhalt%29&format=json&limit=1
2024-02-21 11:27:52,903 - WARNING - Retrying (Retry(total=1, connect=None, read=None, redirect=None, status=None)) after connection broken by 'ReadTimeoutError("HTTPSConnectionPool(host='nominatim.openstreetmap.org', port=443): Read timed out. (read timeout=1)")': /search?q=88477+Schwendi&format=json&limit=1
2024-02-21 11:27:57,798 - WARNING - Retrying (Retry(total=1, connect=None, read=None, redirect=None, status=None)) after connection broken by 'ReadTimeoutError("HTTPSConnectionPool(host='nominatim.openstreetmap.org', port=443): Read timed out. (read timeout=1)")': /search?q=33689+Sennestadt&format=json&limit=1
2024-02-21 11:27:58,867 - WARNING - Retrying (Retry(total=0, connect=None, read=None, redirect=None, status=None)) after connection broken by 'ReadTimeoutError("HTTPSConnectionPool(host='nominatim.openstreetmap.org', port=443): Read timed out. (read timeout=1)")': /search?q=33689+Sennestadt&format=json&limit=1
2024-02-21 11:28:12,541 - WARNING - Retrying (Retry(total=1, connect=None, read=None, redirect=None, status=None)) after connection broken by 'ReadTimeoutError("HTTPSConnectionPool(host='nominatim.openstreetmap.org', port=443): Read timed out. (read timeout=1)")': /search?q=59174+Kamen&format=json&limit=1
2024-02-21 11:28:16,352 - WARNING - Retrying (Retry(total=1, connect=None, read=None, redirect=None, status=None)) after connection broken by 'ReadTimeoutError("HTTPSConnectionPool(host='nominatim.openstreetmap.org', port=443): Read timed out. (read timeout=1)")': /search?q=85540+Haar&format=json&limit=1
2024-02-21 11:28:20,629 - WARNING - Retrying (Retry(total=1, connect=None, read=None, redirect=None, status=None)) after connection broken by 'ReadTimeoutError("HTTPSConnectionPool(host='nominatim.openstreetmap.org', port=443): Read timed out. (read timeout=1)")': /search?q=86899+Landsberg+%28Lech%29&format=json&limit=1
2024-02-21 11:28:22,638 - WARNING - Retrying (Retry(total=0, connect=None, read=None, redirect=None, status=None)) after connection broken by 'ConnectTimeoutError(<urllib3.connection.HTTPSConnection object at 0x7f8bd0bfd910>, 'Connection to nominatim.openstreetmap.org timed out. (connect timeout=1)')': /search?q=86899+Landsberg+%28Lech%29&format=json&limit=1
2024-02-21 11:28:36,057 - WARNING - Retrying (Retry(total=1, connect=None, read=None, redirect=None, status=None)) after connection broken by 'ReadTimeoutError("HTTPSConnectionPool(host='nominatim.openstreetmap.org', port=443): Read timed out. (read timeout=1)")': /search?q=52349+D%C3%BCren&format=json&limit=1
2024-02-21 11:28:37,135 - WARNING - Retrying (Retry(total=0, connect=None, read=None, redirect=None, status=None)) after connection broken by 'ReadTimeoutError("HTTPSConnectionPool(host='nominatim.openstreetmap.org', port=443): Read timed out. (read timeout=1)")': /search?q=52349+D%C3%BCren&format=json&limit=1
2024-02-21 11:28:58,179 - WARNING - Retrying (Retry(total=1, connect=None, read=None, redirect=None, status=None)) after connection broken by 'ReadTimeoutError("HTTPSConnectionPool(host='nominatim.openstreetmap.org', port=443): Read timed out. (read timeout=1)")': /search?q=56769+Mannebach+%28Eifel%29&format=json&limit=1
2024-02-21 11:28:59,850 - WARNING - Retrying (Retry(total=1, connect=None, read=None, redirect=None, status=None)) after connection broken by 'ReadTimeoutError("HTTPSConnectionPool(host='nominatim.openstreetmap.org', port=443): Read timed out. (read timeout=1)")': /search?q=76646+Bruchsal&format=json&limit=1
2024-02-21 11:29:05,406 - WARNING - Retrying (Retry(total=1, connect=None, read=None, redirect=None, status=None)) after connection broken by 'ReadTimeoutError("HTTPSConnectionPool(host='nominatim.openstreetmap.org', port=443): Read timed out. (read timeout=1)")': /search?q=%5B%2745359%27%5D&format=json&limit=1
2024-02-21 11:29:31,651 - WARNING - Retrying (Retry(total=1, connect=None, read=None, redirect=None, status=None)) after connection broken by 'ReadTimeoutError("HTTPSConnectionPool(host='nominatim.openstreetmap.org', port=443): Read timed out. (read timeout=1)")': /search?q=59368+Werne&format=json&limit=1
2024-02-21 11:29:33,661 - WARNING - Retrying (Retry(total=0, connect=None, read=None, redirect=None, status=None)) after connection broken by 'ConnectTimeoutError(<urllib3.connection.HTTPSConnection object at 0x7f8be2b83070>, 'Connection to nominatim.openstreetmap.org timed out. (connect timeout=1)')': /search?q=59368+Werne&format=json&limit=1
2024-02-21 11:29:45,441 - WARNING - Retrying (Retry(total=1, connect=None, read=None, redirect=None, status=None)) after connection broken by 'ReadTimeoutError("HTTPSConnectionPool(host='nominatim.openstreetmap.org', port=443): Read timed out. (read timeout=1)")': /search?q=67729+Sippersfeld&format=json&limit=1
2024-02-21 11:30:01,531 - WARNING - Retrying (Retry(total=1, connect=None, read=None, redirect=None, status=None)) after connection broken by 'ReadTimeoutError("HTTPSConnectionPool(host='nominatim.openstreetmap.org', port=443): Read timed out. (read timeout=1)")': /search?q=89233+Neu+Ulm&format=json&limit=1
2024-02-21 11:30:17,789 - WARNING - Retrying (Retry(total=1, connect=None, read=None, redirect=None, status=None)) after connection broken by 'ReadTimeoutError("HTTPSConnectionPool(host='nominatim.openstreetmap.org', port=443): Read timed out. (read timeout=1)")': /search?q=01796+Pirna&format=json&limit=1
2024-02-21 11:30:21,951 - WARNING - Retrying (Retry(total=1, connect=None, read=None, redirect=None, status=None)) after connection broken by 'ReadTimeoutError("HTTPSConnectionPool(host='nominatim.openstreetmap.org', port=443): Read timed out. (read timeout=1)")': /search?q=34289+Zierenberg&format=json&limit=1
2024-02-21 11:30:27,832 - WARNING - Retrying (Retry(total=1, connect=None, read=None, redirect=None, status=None)) after connection broken by 'ReadTimeoutError("HTTPSConnectionPool(host='nominatim.openstreetmap.org', port=443): Read timed out. (read timeout=1)")': /search?q=15827+Blankenfelde-%E2%80%8BMahlow&format=json&limit=1
2024-02-21 11:30:37,023 - WARNING - Retrying (Retry(total=1, connect=None, read=None, redirect=None, status=None)) after connection broken by 'ReadTimeoutError("HTTPSConnectionPool(host='nominatim.openstreetmap.org', port=443): Read timed out. (read timeout=1)")': /search?q=59174+Kamen&format=json&limit=1
2024-02-21 11:30:52,400 - WARNING - Retrying (Retry(total=1, connect=None, read=None, redirect=None, status=None)) after connection broken by 'ReadTimeoutError("HTTPSConnectionPool(host='nominatim.openstreetmap.org', port=443): Read timed out. (read timeout=1)")': /search?q=29494+Trebel&format=json&limit=1
2024-02-21 11:30:54,410 - WARNING - Retrying (Retry(total=0, connect=None, read=None, redirect=None, status=None)) after connection broken by 'ConnectTimeoutError(<urllib3.connection.HTTPSConnection object at 0x7f8bb0195160>, 'Connection to nominatim.openstreetmap.org timed out. (connect timeout=1)')': /search?q=29494+Trebel&format=json&limit=1
2024-02-21 11:31:10,373 - WARNING - Retrying (Retry(total=1, connect=None, read=None, redirect=None, status=None)) after connection broken by 'ReadTimeoutError("HTTPSConnectionPool(host='nominatim.openstreetmap.org', port=443): Read timed out. (read timeout=1)")': /search?q=54487+Wintrich&format=json&limit=1
2024-02-21 11:31:29,255 - WARNING - Retrying (Retry(total=1, connect=None, read=None, redirect=None, status=None)) after connection broken by 'ReadTimeoutError("HTTPSConnectionPool(host='nominatim.openstreetmap.org', port=443): Read timed out. (read timeout=1)")': /search?q=47249+Duisburg-%E2%80%8BS%C3%BCd&format=json&limit=1
2024-02-21 11:31:31,310 - WARNING - Retrying (Retry(total=1, connect=None, read=None, redirect=None, status=None)) after connection broken by 'ReadTimeoutError("HTTPSConnectionPool(host='nominatim.openstreetmap.org', port=443): Read timed out. (read timeout=1)")': /search?q=32756+Detmold&format=json&limit=1
2024-02-21 11:31:37,618 - WARNING - Retrying (Retry(total=1, connect=None, read=None, redirect=None, status=None)) after connection broken by 'ReadTimeoutError("HTTPSConnectionPool(host='nominatim.openstreetmap.org', port=443): Read timed out. (read timeout=1)")': /search?q=85777+Fahrenzhausen&format=json&limit=1
2024-02-21 11:31:39,625 - WARNING - Retrying (Retry(total=0, connect=None, read=None, redirect=None, status=None)) after connection broken by 'ConnectTimeoutError(<urllib3.connection.HTTPSConnection object at 0x7f8bd0cf9550>, 'Connection to nominatim.openstreetmap.org timed out. (connect timeout=1)')': /search?q=85777+Fahrenzhausen&format=json&limit=1
2024-02-21 11:31:48,332 - WARNING - Retrying (Retry(total=1, connect=None, read=None, redirect=None, status=None)) after connection broken by 'ReadTimeoutError("HTTPSConnectionPool(host='nominatim.openstreetmap.org', port=443): Read timed out. (read timeout=1)")': /search?q=56477+Rennerod&format=json&limit=1
2024-02-21 11:32:00,648 - WARNING - Retrying (Retry(total=1, connect=None, read=None, redirect=None, status=None)) after connection broken by 'ReadTimeoutError("HTTPSConnectionPool(host='nominatim.openstreetmap.org', port=443): Read timed out. (read timeout=1)")': /search?q=%5B%2724616%27%2C+%27Borstel%27%5D&format=json&limit=1
2024-02-21 11:32:02,431 - WARNING - Retrying (Retry(total=1, connect=None, read=None, redirect=None, status=None)) after connection broken by 'ReadTimeoutError("HTTPSConnectionPool(host='nominatim.openstreetmap.org', port=443): Read timed out. (read timeout=1)")': /search?q=24616+Borstel+bei+Neum%C3%BCnster&format=json&limit=1
2024-02-21 11:32:26,512 - WARNING - Retrying (Retry(total=1, connect=None, read=None, redirect=None, status=None)) after connection broken by 'ReadTimeoutError("HTTPSConnectionPool(host='nominatim.openstreetmap.org', port=443): Read timed out. (read timeout=1)")': /search?q=%5B%2724616%27%2C+%27Borstel%27%5D&format=json&limit=1
2024-02-21 11:32:48,794 - WARNING - Retrying (Retry(total=1, connect=None, read=None, redirect=None, status=None)) after connection broken by 'ReadTimeoutError("HTTPSConnectionPool(host='nominatim.openstreetmap.org', port=443): Read timed out. (read timeout=1)")': /search?q=24616+Borstel+bei+Neum%C3%BCnster&format=json&limit=1
2024-02-21 11:33:22,131 - WARNING - Retrying (Retry(total=1, connect=None, read=None, redirect=None, status=None)) after connection broken by 'ReadTimeoutError("HTTPSConnectionPool(host='nominatim.openstreetmap.org', port=443): Read timed out. (read timeout=1)")': /search?q=51429+Bergisch+Gladbach&format=json&limit=1
